Flutter crash report.
Please report a bug at https://github.com/flutter/flutter/issues.

## command

flutter 

## exception

_Exception: Exception: Could not find file at /data/data/com.termux/files/home/flutter/bin/cache/dart-sdk/bin/resources/devtools/version.json

```
#0      Cache.devToolsVersion (package:flutter_tools/src/cache.dart:440:9)
#1      _FlutterVersionGit.devToolsVersion (package:flutter_tools/src/version.dart:675:47)
#2      FlutterVersion.toJson (package:flutter_tools/src/version.dart:289:24)
#3      _FlutterVersionGit.ensureVersionFile (package:flutter_tools/src/version.dart:706:56)
#4      FlutterCommandRunner.runCommand.<anonymous closure> (package:flutter_tools/src/runner/flutter_command_runner.dart:449:32)
<asynchronous suspension>
#5      AppContext.run.<anonymous closure> (package:flutter_tools/src/base/context.dart:154:19)
<asynchronous suspension>
#6      FlutterCommandRunner.runCommand (package:flutter_tools/src/runner/flutter_command_runner.dart:431:5)
<asynchronous suspension>
#7      FlutterCommandRunner.run.<anonymous closure> (package:flutter_tools/src/runner/flutter_command_runner.dart:307:33)
<asynchronous suspension>
#8      run.<anonymous closure>.<anonymous closure> (package:flutter_tools/runner.dart:104:11)
<asynchronous suspension>
#9      AppContext.run.<anonymous closure> (package:flutter_tools/src/base/context.dart:154:19)
<asynchronous suspension>
#10     main (package:flutter_tools/executable.dart:103:3)
<asynchronous suspension>
```

## flutter doctor

```
[☠] Flutter (the doctor check crashed)
    ✗ Due to an error, the doctor check did not complete. If the error message below is not helpful, please let us know about this issue at https://github.com/flutter/flutter/issues.
    ✗ Exception: Could not find file at /data/data/com.termux/files/home/flutter/bin/cache/dart-sdk/bin/resources/devtools/version.json
    • #0      Cache.devToolsVersion (package:flutter_tools/src/cache.dart:440:9)
      #1      _DefaultDoctorValidatorsProvider.validators.<anonymous closure> (package:flutter_tools/src/doctor.dart:95:46)
      #2      FlutterValidator.validateImpl (package:flutter_tools/src/doctor.dart:546:70)
      #3      DoctorValidator.validate (package:flutter_tools/src/doctor_validator.dart:58:43)
      #4      Doctor.startValidatorTasks.<anonymous closure> (package:flutter_tools/src/doctor.dart:200:72)
      #5      asyncGuard.<anonymous closure> (package:flutter_tools/src/base/async_guard.dart:108:32)
      #6      _rootRun (dart:async/zone_root.dart:35:13)
      #7      _CustomZone.run (dart:async/zone.dart:726:19)
      #8      _runZoned (dart:async/zone_api.dart:166:6)
      #9      runZonedGuarded (dart:async/zone_api.dart:152:12)
      #10     asyncGuard (package:flutter_tools/src/base/async_guard.dart:106:3)
      #11     Doctor.startValidatorTasks (package:flutter_tools/src/doctor.dart:190:9)
      #12     DoctorText._validatorTasks (package:flutter_tools/src/doctor.dart:828:60)
      #13     DoctorText._validatorTasks (package:flutter_tools/src/doctor.dart)
      #14     DoctorText._runDiagnosis (package:flutter_tools/src/doctor.dart:833:32)
      #15     DoctorText.text (package:flutter_tools/src/doctor.dart:824:36)
      #16     DoctorText.text (package:flutter_tools/src/doctor.dart)
      #17     _createLocalCrashReport (package:flutter_tools/runner.dart:326:51)
      #18     _handleToolErrorImpl (package:flutter_tools/runner.dart:287:31)
      <asynchronous suspension>
      #19     AppContext.run.<anonymous closure> (package:flutter_tools/src/base/context.dart:154:19)
      <asynchronous suspension>
      #20     main (package:flutter_tools/executable.dart:103:3)
      <asynchronous suspension>


[✗] Android toolchain - develop for Android devices [66ms]
    ✗ Unable to locate Android SDK.
      Install Android Studio from: https://developer.android.com/studio/index.html
      On first launch it will assist you in installing the Android SDK components.
      (or visit https://flutter.dev/to/android-setup for detailed instructions).
      If the Android SDK has been installed to a custom location, please use
      `flutter config --android-sdk` to update to that location.


[☠] Connected device (the doctor check crashed)
    ✗ Due to an error, the doctor check did not complete. If the error message below is not helpful, please let us know about this issue at https://github.com/flutter/flutter/issues.
    ✗ Error: Platform android is not supported.
    • #0      throwToolExit (package:flutter_tools/src/base/common.dart:34:3)
      #1      findChromeExecutable (package:flutter_tools/src/web/chrome.dart:80:3)
      #2      ChromiumLauncher.canFindExecutable (package:flutter_tools/src/web/chrome.dart:138:41)
      #3      ChromiumDevice.isSupported (package:flutter_tools/src/web/web_device.dart:111:54)
      #4      WebDevices.pollingGetDevices (package:flutter_tools/src/web/web_device.dart:363:31)
      #5      PollingDeviceDiscovery._populateDevices (package:flutter_tools/src/device.dart:558:42)
      #6      PollingDeviceDiscovery.discoverDevices (package:flutter_tools/src/device.dart:538:12)
      #7      DeviceManager.refreshAllDevices (package:flutter_tools/src/device.dart:203:20)
      #8      DeviceValidator.validateImpl (package:flutter_tools/src/doctor.dart:775:55)
      #9      DoctorValidator.validate (package:flutter_tools/src/doctor_validator.dart:58:43)
      #10     Doctor.startValidatorTasks.<anonymous closure> (package:flutter_tools/src/doctor.dart:200:72)
      #11     asyncGuard.<anonymous closure> (package:flutter_tools/src/base/async_guard.dart:108:32)
      #12     _rootRun (dart:async/zone_root.dart:35:13)
      #13     _CustomZone.run (dart:async/zone.dart:726:19)
      #14     _runZoned (dart:async/zone_api.dart:166:6)
      #15     runZonedGuarded (dart:async/zone_api.dart:152:12)
      #16     asyncGuard (package:flutter_tools/src/base/async_guard.dart:106:3)
      #17     Doctor.startValidatorTasks (package:flutter_tools/src/doctor.dart:190:9)
      #18     DoctorText._validatorTasks (package:flutter_tools/src/doctor.dart:828:60)
      #19     DoctorText._validatorTasks (package:flutter_tools/src/doctor.dart)
      #20     DoctorText._runDiagnosis (package:flutter_tools/src/doctor.dart:833:32)
      #21     DoctorText.text (package:flutter_tools/src/doctor.dart:824:36)
      #22     DoctorText.text (package:flutter_tools/src/doctor.dart)
      #23     _createLocalCrashReport (package:flutter_tools/runner.dart:326:51)
      #24     _handleToolErrorImpl (package:flutter_tools/runner.dart:287:31)
      <asynchronous suspension>
      #25     AppContext.run.<anonymous closure> (package:flutter_tools/src/base/context.dart:154:19)
      <asynchronous suspension>
      #26     main (package:flutter_tools/executable.dart:103:3)
      <asynchronous suspension>


[✓] Network resources [1,387ms]
    • All expected network resources are available.

! Doctor found issues in 3 categories.
```
